<?xml version="1.0" encoding="UTF-8"?>
<!-- Generated by org.testng.reporters.JUnitXMLReporter -->
<testsuite ignored="0" hostname="LAPTOP-B4QP48U0" failures="2" tests="3" name="Test" time="55.393" errors="0" timestamp="2024-03-18T23:50:14 IST">
  <testcase classname="Base.Trademart_Testcases" name="LoginTest1" time="12.46">
    <failure type="java.lang.AssertionError" message="expected [true] but found [false]">
      <![CDATA[java.lang.AssertionError: expected [true] but found [false]
at Base.Trademart_Testcases.LoginTest1(Trademart_Testcases.java:44)
at java.base/java.util.ArrayList.forEach(ArrayList.java:1511)
... Removed 31 stack frames]]>
    </failure>
  </testcase> <!-- LoginTest1 -->
  <testcase classname="Base.Trademart_Testcases" name="LoginTest1" time="12.692">
    <failure type="java.lang.AssertionError" message="expected [true] but found [false]">
      <![CDATA[java.lang.AssertionError: expected [true] but found [false]
at Base.Trademart_Testcases.LoginTest1(Trademart_Testcases.java:44)
at java.base/java.util.ArrayList.forEach(ArrayList.java:1511)
... Removed 31 stack frames]]>
    </failure>
  </testcase> <!-- LoginTest1 -->
  <testcase classname="Base.Trademart_Testcases" name="LoginTest1" time="11.338"/>
</testsuite> <!-- Test -->
